Arguments: 
  D:\node\node.exe C:\Users\hmy\AppData\Roaming\npm\node_modules\yarn\bin\yarn.js

PATH: 
  C:\Program Files (x86)\Intel\iCLS Client\;C:\Program Files\Intel\iCLS Client\;C:\WINDOWS\system32;C:\WINDOWS;C:\WINDOWS\System32\Wbem;C:\WINDOWS\System32\WindowsPowerShell\v1.0\;C:\Program Files (x86)\Intel\Intel(R) Management Engine Components\DAL;C:\Program Files\Intel\Intel(R) Management Engine Components\DAL;C:\Program Files (x86)\Intel\Intel(R) Management Engine Components\IPT;C:\Program Files\Intel\Intel(R) Management Engine Components\IPT;C:\WINDOWS\System32\OpenSSH\;C:\Program Files\TortoiseGit\bin;D:\node\;C:\Program Files\Git\cmd;C:\Users\hmy\AppData\Local\Microsoft\WindowsApps;;D:\vsCode\Microsoft VS Code\bin;C:\Users\hmy\AppData\Roaming\npm;C:\Users\hmy\AppData\Local\Programs\Fiddler;%USERPROFILE%\AppData\Local\Microsoft\WindowsApps

Yarn version: 
  1.7.0

Node version: 
  8.11.2

Platform: 
  win32 x64

Trace: 
  Error: https://registry.yarnpkg.com/@tklc%2fminiapp-tracker-sdk: Not found
      at Request.params.callback [as _callback] (C:\Users\hmy\AppData\Roaming\npm\node_modules\yarn\lib\cli.js:65656:18)
      at Request.self.callback (C:\Users\hmy\AppData\Roaming\npm\node_modules\yarn\lib\cli.js:134675:22)
      at emitTwo (events.js:126:13)
      at Request.emit (events.js:214:7)
      at Request.<anonymous> (C:\Users\hmy\AppData\Roaming\npm\node_modules\yarn\lib\cli.js:135658:10)
      at emitOne (events.js:116:13)
      at Request.emit (events.js:211:7)
      at IncomingMessage.<anonymous> (C:\Users\hmy\AppData\Roaming\npm\node_modules\yarn\lib\cli.js:135578:12)
      at Object.onceWrapper (events.js:313:30)
      at emitNone (events.js:111:20)

npm manifest: 
  {
    "private": true,
    "scripts": {
      "ainstall": "npm install --registry=https://registry.npm.taobao.org"
    },
    "dependencies": {
      "@tklc/miniapp-tracker-sdk": "0.0.11",
      "dayjs": "^1.7.7",
      "herculex": "^0.2.10",
      "mini-antui": "^0.3.12",
      "moment": "^2.22.2"
    }
  }

yarn manifest: 
  No manifest

Lockfile: 
  # THIS IS AN AUTOGENERATED FILE. DO NOT EDIT THIS FILE DIRECTLY.
  # yarn lockfile v1
  
  
  bus-tinyapp-components@^1.0.21:
    version "1.0.24"
    resolved "http://registry.npm.taobao.org/bus-tinyapp-components/download/bus-tinyapp-components-1.0.24.tgz#10c972f76f85467216978dfc267807f2fb982d96"
  
  dayjs@^1.7.7:
    version "1.8.0"
    resolved "http://registry.npm.taobao.org/dayjs/download/dayjs-1.8.0.tgz#507963ac3023f4b1f9f399a278356946fc4c9ae9"
  
  dom-serializer@0:
    version "0.1.0"
    resolved "http://registry.npm.taobao.org/dom-serializer/download/dom-serializer-0.1.0.tgz#073c697546ce0780ce23be4a28e293e40bc30c82"
    dependencies:
      domelementtype "~1.1.1"
      entities "~1.1.1"
  
  domelementtype@1, domelementtype@^1.3.0:
    version "1.3.1"
    resolved "http://registry.npm.taobao.org/domelementtype/download/domelementtype-1.3.1.tgz#d048c44b37b0d10a7f2a3d5fee3f4333d790481f"
  
  domelementtype@~1.1.1:
    version "1.1.3"
    resolved "http://registry.npm.taobao.org/domelementtype/download/domelementtype-1.1.3.tgz#bd28773e2642881aec51544924299c5cd822185b"
  
  domhandler@^2.3.0, domhandler@^2.4.2:
    version "2.4.2"
    resolved "http://registry.npm.taobao.org/domhandler/download/domhandler-2.4.2.tgz#8805097e933d65e85546f726d60f5eb88b44f803"
    dependencies:
      domelementtype "1"
  
  domutils@^1.5.1:
    version "1.7.0"
    resolved "http://registry.npm.taobao.org/domutils/download/domutils-1.7.0.tgz#56ea341e834e06e6748af7a1cb25da67ea9f8c2a"
    dependencies:
      dom-serializer "0"
      domelementtype "1"
  
  entities@^1.1.1, entities@~1.1.1:
    version "1.1.2"
    resolved "http://registry.npm.taobao.org/entities/download/entities-1.1.2.tgz#bdfa735299664dfafd34529ed4f8522a275fea56"
  
  herculex@^0.1.6:
    version "0.1.6"
    resolved "http://registry.npm.taobao.org/herculex/download/herculex-0.1.6.tgz#7124092acdcb30d811b84a488a3c6a1647766e30"
    dependencies:
      immer "^1.7.2"
      immutability-helper "^2.8.1"
  
  htmlparser2@^3.9.2:
    version "3.10.0"
    resolved "http://registry.npm.taobao.org/htmlparser2/download/htmlparser2-3.10.0.tgz#5f5e422dcf6119c0d983ed36260ce9ded0bee464"
    dependencies:
      domelementtype "^1.3.0"
      domhandler "^2.3.0"
      domutils "^1.5.1"
      entities "^1.1.1"
      inherits "^2.0.1"
      readable-stream "^3.0.6"
  
  immer@^1.7.2:
    version "1.10.5"
    resolved "http://registry.npm.taobao.org/immer/download/immer-1.10.5.tgz#a4fd1d12587a166da769763f881c0039fa61c557"
  
  immutability-helper@^2.8.1:
    version "2.9.0"
    resolved "http://registry.npm.taobao.org/immutability-helper/download/immutability-helper-2.9.0.tgz#04a1c646300cd3a68aa5dc1daa7758da2ca75292"
    dependencies:
      invariant "^2.2.0"
  
  inherits@^2.0.1, inherits@^2.0.3:
    version "2.0.3"
    resolved "http://registry.npm.taobao.org/inherits/download/inherits-2.0.3.tgz#633c2c83e3da42a502f52466022480f4208261de"
  
  invariant@^2.2.0:
    version "2.2.4"
    resolved "http://registry.npm.taobao.org/invariant/download/invariant-2.2.4.tgz#610f3c92c9359ce1db616e538008d23ff35158e6"
    dependencies:
      loose-envify "^1.0.0"
  
  "js-tokens@^3.0.0 || ^4.0.0":
    version "4.0.0"
    resolved "http://registry.npm.taobao.org/js-tokens/download/js-tokens-4.0.0.tgz#19203fb59991df98e3a287050d4647cdeaf32499"
  
  loose-envify@^1.0.0:
    version "1.4.0"
    resolved "http://registry.npm.taobao.org/loose-envify/download/loose-envify-1.4.0.tgz#71ee51fa7be4caec1a63839f7e682d8132d30caf"
    dependencies:
      js-tokens "^3.0.0 || ^4.0.0"
  
  mini-antui@^0.3.12:
    version "0.3.13"
    resolved "http://registry.npm.taobao.org/mini-antui/download/mini-antui-0.3.13.tgz#8daca6c6c210d321572e16d4c8f8ff5bc3ec8015"
  
  mini-html-parser2@^0.1.0:
    version "0.1.0"
    resolved "http://registry.npm.taobao.org/mini-html-parser2/download/mini-html-parser2-0.1.0.tgz#4310e4935bd6fd8a8842bd568e9109344e97e43b"
    dependencies:
      domhandler "^2.4.2"
      htmlparser2 "^3.9.2"
  
  moment@^2.22.2:
    version "2.23.0"
    resolved "http://registry.npm.taobao.org/moment/download/moment-2.23.0.tgz#759ea491ac97d54bac5ad776996e2a58cc1bc225"
  
  readable-stream@^3.0.6:
    version "3.1.1"
    resolved "http://registry.npm.taobao.org/readable-stream/download/readable-stream-3.1.1.tgz#ed6bbc6c5ba58b090039ff18ce670515795aeb06"
    dependencies:
      inherits "^2.0.3"
      string_decoder "^1.1.1"
      util-deprecate "^1.0.1"
  
  safe-buffer@~5.1.0:
    version "5.1.2"
    resolved "http://registry.npm.taobao.org/safe-buffer/download/safe-buffer-5.1.2.tgz#991ec69d296e0313747d59bdfd2b745c35f8828d"
  
  string_decoder@^1.1.1:
    version "1.2.0"
    resolved "http://registry.npm.taobao.org/string_decoder/download/string_decoder-1.2.0.tgz#fe86e738b19544afe70469243b2a1ee9240eae8d"
    dependencies:
      safe-buffer "~5.1.0"
  
  util-deprecate@^1.0.1:
    version "1.0.2"
    resolved "http://registry.npm.taobao.org/util-deprecate/download/util-deprecate-1.0.2.tgz#450d4dc9fa70de732762fbd2d4a28981419a0ccf"
